INVOICE:2	CLIENTS:	1620705364221
INVOICE:4	CLIENTS:	1681211463077
INVOICE:7	CLIENTS:	1890217134231
INVOICE:8	CLIENTS:	970808153863
INVOICE:9	CLIENTS:	2820206170086
INVOICE:10	CLIENTS:	2810425450015	1760319132808
INVOICE:10
INVOICE:15	CLIENTS:	2770316390673
INVOICE:16	CLIENTS:	2561015400011
INVOICE:17	CLIENTS:	2670719400011
INVOICE:18	CLIENTS:	2740727224526
INVOICE:19	CLIENTS:	1760128424547
INVOICE:20	CLIENTS:	2820921360064
INVOICE:21	CLIENTS:	2820330360014
INVOICE:22	CLIENTS:	14378449
INVOICE:23	CLIENTS:	2810820134146
INVOICE:24	CLIENTS:	2870411090141
INVOICE:26	CLIENTS:	2690912463031
INVOICE:27	CLIENTS:	2820203410037
INVOICE:28	CLIENTS:	2740815100047
INVOICE:30	CLIENTS:	970808153863
INVOICE:31	CLIENTS:	1690126433027
INVOICE:32	CLIENTS:	2620604400026
INVOICE:33	CLIENTS:	2761218441539
INVOICE:38	CLIENTS:	1630208082841
INVOICE:39	CLIENTS:	1810824450023
INVOICE:41	CLIENTS:	0
INVOICE:42	CLIENTS:	0
INVOICE:42
INVOICE:43	CLIENTS:	1830928171721
INVOICE:44	CLIENTS:	2731221343257
INVOICE:46	CLIENTS:	2850228152481
INVOICE:47	CLIENTS:	1640721400174
INVOICE:48	CLIENTS:	14360018
INVOICE:49	CLIENTS:	2780121170314
INVOICE:51	CLIENTS:	1670509421531
INVOICE:53	CLIENTS:	2831220160015
INVOICE:54	CLIENTS:	2720729450027
INVOICE:56	CLIENTS:	1789292934567
INVOICE:57	CLIENTS:	2671204433012
INVOICE:61	CLIENTS:	2810911460014
INVOICE:62	CLIENTS:	1871214341181
INVOICE:63
INVOICE:64	CLIENTS:	2700722013927
INVOICE:65	CLIENTS:	0
INVOICE:66	CLIENTS:	2830303450021
INVOICE:67	CLIENTS:	2681126421514	2660918434519	1620706400189	1591028400739
INVOICE:67
INVOICE:68	CLIENTS:	2701015293105
INVOICE:69	CLIENTS:	1862805180030	2830313182115
INVOICE:69
INVOICE:70	CLIENTS:	2790102472039	2790102472020
INVOICE:70
INVOICE:71	CLIENTS:	2790719431528
INVOICE:72	CLIENTS:	1660303450011
INVOICE:73	CLIENTS:	1690127410011
INVOICE:74	CLIENTS:	2820207030026
INVOICE:75	CLIENTS:	0
INVOICE:76	CLIENTS:	1790228464536
INVOICE:77	CLIENTS:	2850429152473
INVOICE:78	CLIENTS:	1870714090040
INVOICE:80	CLIENTS:	2870423375499
INVOICE:81	CLIENTS:	1660727441514
INVOICE:82	CLIENTS:	2860214080022
INVOICE:83	CLIENTS:	2780301253201
INVOICE:85	CLIENTS:	2830708460033
INVOICE:86	CLIENTS:	2770121163330
INVOICE:87	CLIENTS:	2761218441539
INVOICE:88
INVOICE:89	CLIENTS:	2710130434522
INVOICE:91	CLIENTS:	2681111433014
INVOICE:92	CLIENTS:	2680508434558
INVOICE:93
INVOICE:94	CLIENTS:	2810612430049
INVOICE:94
INVOICE:95
INVOICE:96	CLIENTS:	1790304090139
INVOICE:97
INVOICE:100	CLIENTS:	2841016224036
INVOICE:101	CLIENTS:	1730109270595
INVOICE:102	CLIENTS:	1610225170313
INVOICE:103	CLIENTS:	2871006410128
INVOICE:104	CLIENTS:	2690412280424
INVOICE:105	CLIENTS:	1800330090081
INVOICE:106	CLIENTS:	2810527090058	1811207180011
INVOICE:106
INVOICE:107	CLIENTS:	24325018
INVOICE:108	CLIENTS:	2690601293107
INVOICE:109	CLIENTS:	1830311420026	1820821360018	2850630330798	2860110045378
INVOICE:109
INVOICE:111	CLIENTS:	1820818170060
INVOICE:112	CLIENTS:	2790201040052
INVOICE:113	CLIENTS:	2880806520011
INVOICE:114	CLIENTS:	2760918345413
INVOICE:115	CLIENTS:	1841019420026
INVOICE:116	CLIENTS:	2760306035022
INVOICE:119
INVOICE:119	CLIENTS:	0
INVOICE:119
INVOICE:120	CLIENTS:	2810609250021
INVOICE:121	CLIENTS:	2771222463016
INVOICE:121
INVOICE:122	CLIENTS:	21338560
INVOICE:125	CLIENTS:	2890919250023
INVOICE:126	CLIENTS:	1840202330522
INVOICE:127
INVOICE:127
INVOICE:128	CLIENTS:	2861008360020
INVOICE:130	CLIENTS:	2740618421558	2800716420111
INVOICE:130
INVOICE:131
INVOICE:132	CLIENTS:	2840122410021
INVOICE:133
INVOICE:134	CLIENTS:	1800416035270
INVOICE:135	CLIENTS:	1810923100147
INVOICE:137	CLIENTS:	2811016375511
INVOICE:138	CLIENTS:	2630901400131
INVOICE:139	CLIENTS:	1781209070049
INVOICE:140	CLIENTS:	2711102523122
INVOICE:141	CLIENTS:	2870812297271
INVOICE:143	CLIENTS:	2850205134158
INVOICE:145	CLIENTS:	1600905034962
INVOICE:146	CLIENTS:	2630502400092
INVOICE:150	CLIENTS:	1800703340431
INVOICE:151	CLIENTS:	1740412282217
INVOICE:152	CLIENTS:	1810729450015
INVOICE:155	CLIENTS:	1860501375509
INVOICE:156	CLIENTS:	25818391
INVOICE:157	CLIENTS:	2790728100101
INVOICE:158	CLIENTS:	1710927270630
INVOICE:159	CLIENTS:	2740925193784
INVOICE:160	CLIENTS:	1651014511668
INVOICE:161	CLIENTS:	2811107035341
INVOICE:163	CLIENTS:	2880108297361
INVOICE:165	CLIENTS:	2831001125773
INVOICE:166	CLIENTS:	1630714280792
INVOICE:167	CLIENTS:	1740620131262
INVOICE:168	CLIENTS:	0	752224003
INVOICE:168
INVOICE:169	CLIENTS:	1820624070063
INVOICE:170	CLIENTS:	2780117384191
INVOICE:171	CLIENTS:	2850926430081
INVOICE:172	CLIENTS:	2840727134226
INVOICE:173	CLIENTS:	1790323221153	1860723070075
INVOICE:173
INVOICE:174	CLIENTS:	2790326111123
INVOICE:174
INVOICE:175	CLIENTS:	112
INVOICE:175
INVOICE:176	CLIENTS:	1820208226775
INVOICE:177
INVOICE:178	CLIENTS:	2860729420075
INVOICE:179	CLIENTS:	1740303163248
INVOICE:181	CLIENTS:	2770218451533
INVOICE:182	CLIENTS:	1750706441527
INVOICE:184	CLIENTS:	2620406264384
INVOICE:185	CLIENTS:	2820219394427
INVOICE:186	CLIENTS:	2811103520038
INVOICE:189	CLIENTS:	2690115463057
INVOICE:189
INVOICE:191	CLIENTS:	2920819385577	2690904384199
INVOICE:191
INVOICE:193	CLIENTS:	1580521270626
INVOICE:193
INVOICE:194	CLIENTS:	0
INVOICE:195	CLIENTS:	2810319044879
INVOICE:197	CLIENTS:	2701001290904
INVOICE:198	CLIENTS:	2811029420071
INVOICE:199
INVOICE:199
INVOICE:200
INVOICE:201	CLIENTS:	1840610133937
INVOICE:201
INVOICE:202	CLIENTS:	1730415470047
INVOICE:204	CLIENTS:	1651028400409
INVOICE:205	CLIENTS:	169061108000
INVOICE:206	CLIENTS:	2680616035002
INVOICE:206	CLIENTS:	2680616035002
INVOICE:206
INVOICE:207	CLIENTS:	1681214341687	2690624221208
INVOICE:207
INVOICE:208	CLIENTS:	2800309024483
INVOICE:210	CLIENTS:	2700424430013
INVOICE:211	CLIENTS:	2811005440013
INVOICE:212	CLIENTS:	2841002430039
INVOICE:213
INVOICE:214
INVOICE:215
INVOICE:216	CLIENTS:	1790924296336
INVOICE:217	CLIENTS:	0
INVOICE:218	CLIENTS:	765231224
INVOICE:219	CLIENTS:	2670903090129	2671114090022
INVOICE:219
INVOICE:220	CLIENTS:	1860919440037
INVOICE:221
INVOICE:224
INVOICE:225	CLIENTS:	2800501060042
INVOICE:225	CLIENTS:	2800501060042
INVOICE:225
INVOICE:226	CLIENTS:	2750320030054
INVOICE:227
INVOICE:228	CLIENTS:	2860722084271
INVOICE:229	CLIENTS:	2791107287129
INVOICE:229
INVOICE:230	CLIENTS:	2611022292073
INVOICE:231	CLIENTS:	2810507450064
INVOICE:232	CLIENTS:	1850713297262
INVOICE:233	CLIENTS:	2790704463030
INVOICE:234
INVOICE:234
INVOICE:235	CLIENTS:	2581128131218
INVOICE:236
INVOICE:237	CLIENTS:	2770316205744
INVOICE:237
INVOICE:239	CLIENTS:	2630520400215
INVOICE:240	CLIENTS:	2740509520044
INVOICE:241	CLIENTS:	2661022230026
INVOICE:242	CLIENTS:	2750705151810
INVOICE:243	CLIENTS:	361536
INVOICE:244	CLIENTS:	26925639
INVOICE:245	CLIENTS:	1850903430013
INVOICE:246	CLIENTS:	1860112450087
INVOICE:247	CLIENTS:	2800817384964
INVOICE:248	CLIENTS:	2830802520011
INVOICE:249	CLIENTS:	1650216131244
INVOICE:250	CLIENTS:	1771229463021
INVOICE:251	CLIENTS:	0
INVOICE:252	CLIENTS:	2801028226708
INVOICE:253	CLIENTS:	2880317440046
INVOICE:254	CLIENTS:	2680123423017	2770630511663
INVOICE:254
INVOICE:255	CLIENTS:	2800821420061
INVOICE:255
INVOICE:256	CLIENTS:	2680723035021
INVOICE:257
INVOICE:258	CLIENTS:	2760810212950
INVOICE:259	CLIENTS:	2770316390673
INVOICE:260
INVOICE:261	CLIENTS:	2600929400121
INVOICE:262	CLIENTS:	26342139
INVOICE:263	CLIENTS:	2820417132801
INVOICE:265	CLIENTS:	2800624441931
INVOICE:266	CLIENTS:	28552218
INVOICE:267	CLIENTS:	1560310131219	2900222134121
INVOICE:267
INVOICE:268
INVOICE:269	CLIENTS:	2840628450015
INVOICE:270	CLIENTS:	15318810
INVOICE:271	CLIENTS:	1781227433049
INVOICE:272	CLIENTS:	1
INVOICE:272	CLIENTS:	1
INVOICE:272
INVOICE:273	CLIENTS:	2890205410031
INVOICE:274
INVOICE:275	CLIENTS:	289060935313
INVOICE:276	CLIENTS:	1800304103822
INVOICE:277	CLIENTS:	1
INVOICE:278	CLIENTS:	2850423211219
INVOICE:279	CLIENTS:	2870527170057
INVOICE:280	CLIENTS:	2880905520039
INVOICE:281	CLIENTS:	2850817297330
INVOICE:282	CLIENTS:	2750610151781
INVOICE:283
INVOICE:284
INVOICE:285	CLIENTS:	2791220133708
INVOICE:286	CLIENTS:	2870716385588
INVOICE:287	CLIENTS:	2690520030015
INVOICE:288	CLIENTS:	2880112134180
INVOICE:288
INVOICE:289
INVOICE:290
INVOICE:291
INVOICE:291
INVOICE:291
INVOICE:292	CLIENTS:	0
INVOICE:293	CLIENTS:	2650116400234
INVOICE:294	CLIENTS:	2830713450021
INVOICE:295	CLIENTS:	1580103400501
INVOICE:296	CLIENTS:	18654032
INVOICE:296
INVOICE:297	CLIENTS:	1740410070019	1870618324822
INVOICE:297
INVOICE:298
INVOICE:299
INVOICE:300	CLIENTS:	27564613
INVOICE:300	CLIENTS:	27564613
INVOICE:300	CLIENTS:	27564613
INVOICE:300	CLIENTS:	27564613
INVOICE:300
INVOICE:301	CLIENTS:	1740730131317	2620829400239	1800406132831
INVOICE:301
INVOICE:302	CLIENTS:	1111111111111
INVOICE:302
INVOICE:303	CLIENTS:	2660604030014
INVOICE:304	CLIENTS:	2851210134134
INVOICE:305	CLIENTS:	2550114163203
INVOICE:306	CLIENTS:	2762011221164
INVOICE:307	CLIENTS:	2860526284557
INVOICE:308	CLIENTS:	2860401450030
INVOICE:309
INVOICE:310	CLIENTS:	2700214030039
INVOICE:311	CLIENTS:	1781201150401
INVOICE:312	CLIENTS:	28283853
INVOICE:313	CLIENTS:	24010397
INVOICE:313
INVOICE:314	CLIENTS:	1830711170066
INVOICE:315
INVOICE:316
INVOICE:316
INVOICE:317	CLIENTS:	2661213390715
INVOICE:317
INVOICE:318	CLIENTS:	1740824205033
INVOICE:319	CLIENTS:	2870829270832	1811009270824
INVOICE:319
INVOICE:320	CLIENTS:	1670705420018
INVOICE:321	CLIENTS:	1790412037836
INVOICE:322	CLIENTS:	1761128400011
INVOICE:323	CLIENTS:	2760510520033
INVOICE:324	CLIENTS:	2750618213000
INVOICE:325
INVOICE:326	CLIENTS:	1700803434546	1590205334193
INVOICE:326
INVOICE:327	CLIENTS:	2750419461526
INVOICE:328	CLIENTS:	2880211375480
INVOICE:329	CLIENTS:	2790712290759
INVOICE:330	CLIENTS:	2541027400024
INVOICE:331	CLIENTS:	2810603410148
INVOICE:332	CLIENTS:	2840620410030
INVOICE:333
INVOICE:333
INVOICE:334	CLIENTS:	2740427293161
INVOICE:335	CLIENTS:	1801110160011
INVOICE:336	CLIENTS:	1791120510057
INVOICE:337	CLIENTS:	1640401293107	2670913293161
INVOICE:337
INVOICE:338	CLIENTS:	2740225364219
INVOICE:339	CLIENTS:	2880212171700
INVOICE:340	CLIENTS:	2890813296621
INVOICE:341	CLIENTS:	2850723152478
INVOICE:342
INVOICE:343	CLIENTS:	2800501060042	1830123134161
INVOICE:343
INVOICE:344	CLIENTS:	2800711460043
INVOICE:345	CLIENTS:	12354176
INVOICE:346	CLIENTS:	2841008160084
INVOICE:347	CLIENTS:	2671228384191
INVOICE:348	CLIENTS:	2840127260055
INVOICE:349
INVOICE:350	CLIENTS:	2870227046191
INVOICE:351	CLIENTS:	2790704170469
INVOICE:351	CLIENTS:	2790704170469
INVOICE:351	CLIENTS:	2790704170469
INVOICE:351	CLIENTS:	2790704170469
INVOICE:351
INVOICE:352
INVOICE:353
INVOICE:354	CLIENTS:	1690423293155
INVOICE:355	CLIENTS:	1780612463010
INVOICE:356	CLIENTS:	2570415400621
INVOICE:357	CLIENTS:	2661022230026
INVOICE:358	CLIENTS:	2800521385585
INVOICE:359	CLIENTS:	2680618040081
INVOICE:360	CLIENTS:	2820823270018
INVOICE:361
INVOICE:362	CLIENTS:	2810715394450
INVOICE:363	CLIENTS:	2800501060042
INVOICE:364	CLIENTS:	1650717131229
INVOICE:365	CLIENTS:	1891003385584
INVOICE:365
INVOICE:366	CLIENTS:	27912777
INVOICE:367	CLIENTS:	2840225430018
INVOICE:368	CLIENTS:	0
INVOICE:369	CLIENTS:	1840811544003
INVOICE:370	CLIENTS:	2620808400147
INVOICE:371	CLIENTS:	2571112400015
INVOICE:372	CLIENTS:	1890127410014
INVOICE:373	CLIENTS:	2800219134188
INVOICE:373	CLIENTS:	2800219134188
INVOICE:374	CLIENTS:	2791221364211
INVOICE:375	CLIENTS:	1890127410014
INVOICE:376	CLIENTS:	2900307460089
INVOICE:377	CLIENTS:	2801109450041
INVOICE:378	CLIENTS:	1791220390746
INVOICE:379
INVOICE:380
INVOICE:381
INVOICE:382	CLIENTS:	17101423027
INVOICE:383	CLIENTS:	1661111104960
INVOICE:384
INVOICE:385	CLIENTS:	2721226411518
INVOICE:385	CLIENTS:	2721226411518
INVOICE:385
INVOICE:386	CLIENTS:	1771010443011
INVOICE:387	CLIENTS:	2781204364219
INVOICE:388
INVOICE:389
INVOICE:390
INVOICE:391	CLIENTS:	2870227046191
INVOICE:392	CLIENTS:	1640527151258
INVOICE:393
INVOICE:393
INVOICE:394	CLIENTS:	2640520400151
INVOICE:395	CLIENTS:	2740504390683
INVOICE:396
INVOICE:397	CLIENTS:	2870705132861
INVOICE:397	CLIENTS:	2870705132861
INVOICE:397
INVOICE:398	CLIENTS:	1860919440037
INVOICE:399	CLIENTS:	2850820460040
INVOICE:400	CLIENTS:	28915089
INVOICE:401
INVOICE:401	CLIENTS:	2870705132861
INVOICE:401
INVOICE:402
INVOICE:403	CLIENTS:	1890424430021
INVOICE:404
INVOICE:405	CLIENTS:	1710114441522	1680828434531
INVOICE:405
INVOICE:406	CLIENTS:	1810219238629
INVOICE:407	CLIENTS:	2770603290086
INVOICE:408	CLIENTS:	2790809323915
INVOICE:409	CLIENTS:	2600209370025
INVOICE:410	CLIENTS:	1830607134205
INVOICE:411
INVOICE:412	CLIENTS:	2760918345413
INVOICE:412	CLIENTS:	2760918345413
INVOICE:412	CLIENTS:	2760918345413
INVOICE:412
INVOICE:413
INVOICE:414	CLIENTS:	1870414450049
INVOICE:415	CLIENTS:	2771125333225
INVOICE:416	CLIENTS:	2841117460164
INVOICE:417	CLIENTS:	27857435
INVOICE:417
INVOICE:418
INVOICE:419	CLIENTS:	2750302330011
INVOICE:420	CLIENTS:	2841207394108
INVOICE:421	CLIENTS:	21428035
INVOICE:422	CLIENTS:	1780914201010
INVOICE:423	CLIENTS:	2740426054680
INVOICE:424
INVOICE:425
INVOICE:426	CLIENTS:	2771207293206
INVOICE:427	CLIENTS:	2740910310027
INVOICE:428	CLIENTS:	1790413154201
INVOICE:429	CLIENTS:	1780508471011
INVOICE:430	CLIENTS:	2780610280017
INVOICE:431	CLIENTS:	2741217522494
INVOICE:432	CLIENTS:	2780117384191
INVOICE:433	CLIENTS:	2771007323923
INVOICE:434	CLIENTS:	2800408160026
INVOICE:435	CLIENTS:	1680913080027
INVOICE:436
INVOICE:437	CLIENTS:	1830711340450
INVOICE:438	CLIENTS:	2821215394426
INVOICE:439	CLIENTS:	2790816421518
INVOICE:440	CLIENTS:	2750601460022
INVOICE:440
INVOICE:441	CLIENTS:	188050660027
INVOICE:442	CLIENTS:	27421001
INVOICE:443	CLIENTS:	1890127410014
INVOICE:444	CLIENTS:	2880728011163
INVOICE:445
INVOICE:446	CLIENTS:	2831104420104
INVOICE:447	CLIENTS:	2861119125875
INVOICE:448	CLIENTS:	2600929400121
INVOICE:448	CLIENTS:	2600929400121
INVOICE:448
INVOICE:449	CLIENTS:	2810808250042
INVOICE:450	CLIENTS:	1800606410041
INVOICE:451	CLIENTS:	1800207250582
INVOICE:451	CLIENTS:	1800207250582
INVOICE:451
INVOICE:452	CLIENTS:	2860520070047
INVOICE:453	CLIENTS:	2551110120735	2540722120691
INVOICE:453
INVOICE:454	CLIENTS:	1840928450018	1770903461527	2791108410047	2760601384183	2800730295609	2830429420010	2760101431516
INVOICE:454
INVOICE:455	CLIENTS:	2670828413029	1750325090084
INVOICE:455
INVOICE:456
INVOICE:457	CLIENTS:	2760918345413
INVOICE:458
INVOICE:459	CLIENTS:	2810812100163
INVOICE:459	CLIENTS:	2810812100163
INVOICE:459
INVOICE:460	CLIENTS:	1891003385584
INVOICE:461	CLIENTS:	0
INVOICE:462	CLIENTS:	2590124013526
INVOICE:463	CLIENTS:	1680527414525
INVOICE:464
INVOICE:464
INVOICE:465	CLIENTS:	1820624070063
INVOICE:466	CLIENTS:	1760914163295
INVOICE:467	CLIENTS:	2870106330243
INVOICE:468
INVOICE:469	CLIENTS:	1840723295899
INVOICE:470	CLIENTS:	2640328400162
INVOICE:471	CLIENTS:	111	1840627035316	1111	2880817297271
INVOICE:471
INVOICE:472
INVOICE:473	CLIENTS:	1550605400295
INVOICE:474	CLIENTS:	2790907472533	1840928450018	22
INVOICE:474
INVOICE:475	CLIENTS:	2880512450047
INVOICE:476	CLIENTS:	2530522284376
INVOICE:477	CLIENTS:	2760923364223
INVOICE:478	CLIENTS:	1760208120688
INVOICE:479	CLIENTS:	2731027290922
INVOICE:480	CLIENTS:	2770316390673
INVOICE:481	CLIENTS:	2830809284550
INVOICE:482
INVOICE:483	CLIENTS:	2671105060773
INVOICE:484	CLIENTS:	2731124030036	2691117030015
INVOICE:484
INVOICE:485	CLIENTS:	2840813045367
INVOICE:486	CLIENTS:	2850111297275
INVOICE:487	CLIENTS:	2870719374511
INVOICE:488	CLIENTS:	2760602373461
INVOICE:489	CLIENTS:	2661213390715
INVOICE:490	CLIENTS:	2730813424516
INVOICE:491	CLIENTS:	2780623423097
INVOICE:492
INVOICE:493	CLIENTS:	2660125131219
INVOICE:494
INVOICE:495	CLIENTS:	26497648
INVOICE:496	CLIENTS:	4192731
INVOICE:496
INVOICE:497	CLIENTS:	2791129100015
INVOICE:498	CLIENTS:	2860925045368
INVOICE:499
INVOICE:500	CLIENTS:	2650615040021
INVOICE:501	CLIENTS:	1770828085021
INVOICE:502
INVOICE:503	CLIENTS:	2740427441531
INVOICE:504	CLIENTS:	2620530400028
INVOICE:505	CLIENTS:	1860915460081
INVOICE:506	CLIENTS:	1830613100171
INVOICE:507
INVOICE:508	CLIENTS:	2780904034971
INVOICE:509	CLIENTS:	2740409463032
INVOICE:510	CLIENTS:	0
INVOICE:511	CLIENTS:	2681212104965
INVOICE:512
INVOICE:513	CLIENTS:	1780508471011
INVOICE:514
INVOICE:515
INVOICE:516	CLIENTS:	2650316384216
INVOICE:517	CLIENTS:	179092429633
INVOICE:518	CLIENTS:	1870829030023
INVOICE:519	CLIENTS:	2881122460089
INVOICE:520	CLIENTS:	2760227463010
INVOICE:521	CLIENTS:	1850109420021
INVOICE:522	CLIENTS:	2851027420042
INVOICE:522	CLIENTS:	2851027420042
INVOICE:522
INVOICE:523	CLIENTS:	2790926031858
INVOICE:524	CLIENTS:	2800527132847
INVOICE:525	CLIENTS:	1840901460062
INVOICE:526	CLIENTS:	2761107201029
INVOICE:527	CLIENTS:	2840529460054	1870201134135	1850324297274	2860103170036
INVOICE:527
INVOICE:528	CLIENTS:	1750210203144
INVOICE:529	CLIENTS:	2850901151944
INVOICE:530	CLIENTS:	2831113212710
INVOICE:531	CLIENTS:	2670628450017
INVOICE:532	CLIENTS:	1750421120646
INVOICE:533	CLIENTS:	2800520385603
INVOICE:534	CLIENTS:	111
INVOICE:534
INVOICE:535
INVOICE:536	CLIENTS:	2880317440046
INVOICE:537	CLIENTS:	2520331400350
INVOICE:538	CLIENTS:	1410519120644
INVOICE:539	CLIENTS:	2680312520023
INVOICE:540	CLIENTS:	2761107434535
INVOICE:541	CLIENTS:	2880722180041
INVOICE:542	CLIENTS:	1780313034997
INVOICE:543	CLIENTS:	2860623410182
INVOICE:544	CLIENTS:	0
INVOICE:545	CLIENTS:	2800522430034
INVOICE:546	CLIENTS:	4168210
INVOICE:546
INVOICE:547	CLIENTS:	2880107440027
INVOICE:548	CLIENTS:	1831126410080
INVOICE:549	CLIENTS:	2751025131302
INVOICE:550	CLIENTS:	2821210324801
INVOICE:551	CLIENTS:	1640121400594
INVOICE:552
INVOICE:552
INVOICE:553	CLIENTS:	1901128410010
INVOICE:554
INVOICE:555
INVOICE:556	CLIENTS:	2870404270024
INVOICE:557	CLIENTS:	2811130410026
INVOICE:558	CLIENTS:	2550801400381
INVOICE:559	CLIENTS:	1840425430064
INVOICE:560	CLIENTS:	2850708170025
INVOICE:561	CLIENTS:	1700810284380
INVOICE:562	CLIENTS:	1701217125070
INVOICE:563	CLIENTS:	2671002434548
INVOICE:564	CLIENTS:	2710704411510
INVOICE:565
INVOICE:566	CLIENTS:	1870414450049
INVOICE:567
INVOICE:568	CLIENTS:	2760721451521
INVOICE:568
INVOICE:568
INVOICE:569
INVOICE:570
INVOICE:571	CLIENTS:	2790331120749
INVOICE:572
INVOICE:573
INVOICE:574
INVOICE:574	CLIENTS:	2700424430013
INVOICE:574
INVOICE:575	CLIENTS:	2890308152524
INVOICE:576
INVOICE:577	CLIENTS:	2650725214613
INVOICE:578	CLIENTS:	2800527132847
INVOICE:579	CLIENTS:	2710413293160
INVOICE:580	CLIENTS:	2830305341180
INVOICE:581
INVOICE:582	CLIENTS:	2810425226711
INVOICE:583
INVOICE:584
INVOICE:585	CLIENTS:	2780607424531
INVOICE:586
INVOICE:587	CLIENTS:	2810429297318
INVOICE:588	CLIENTS:	1821006410168
INVOICE:589
INVOICE:590	CLIENTS:	18648367
INVOICE:591	CLIENTS:	2851215430021
INVOICE:592	CLIENTS:	2860207090057
INVOICE:593	CLIENTS:	2870327295891
INVOICE:594
INVOICE:595
INVOICE:596	CLIENTS:	2791016293144
INVOICE:597
INVOICE:598
INVOICE:599	CLIENTS:	1860522430058
INVOICE:601
INVOICE:602	CLIENTS:	1670503293098
INVOICE:603	CLIENTS:	2760721451521
INVOICE:603
INVOICE:603
INVOICE:604	CLIENTS:	1740302090028
INVOICE:605	CLIENTS:	1850325297242
INVOICE:606	CLIENTS:	2863030534118
INVOICE:607
INVOICE:608
INVOICE:609	CLIENTS:	2871128080016
INVOICE:610	CLIENTS:	1600109400226	2671001011109
INVOICE:610
INVOICE:611	CLIENTS:	2880413204507
INVOICE:612	CLIENTS:	1821010440054
INVOICE:612
INVOICE:613	CLIENTS:	2580607400676
INVOICE:614
INVOICE:615
INVOICE:616	CLIENTS:	1232123
INVOICE:617	CLIENTS:	2631101400045
INVOICE:618	CLIENTS:	2850601350086
INVOICE:619
INVOICE:620
INVOICE:621
INVOICE:621
INVOICE:622	CLIENTS:	1880701420050
INVOICE:623	CLIENTS:	2730928045867
INVOICE:624	CLIENTS:	2900515471341
INVOICE:625	CLIENTS:	2820323394421
INVOICE:626	CLIENTS:	1710523173177
INVOICE:627	CLIENTS:	2860116341398
INVOICE:628	CLIENTS:	2670627434543
INVOICE:628
INVOICE:629
INVOICE:631	CLIENTS:	2690227333215
INVOICE:632
INVOICE:633	CLIENTS:	1551201264372	1580809384184	1801109261971
INVOICE:633
INVOICE:634	CLIENTS:	2770622090018	1781201011010
INVOICE:634
INVOICE:635	CLIENTS:	2790802270648
INVOICE:635	CLIENTS:	2790802270648
INVOICE:635
INVOICE:637	CLIENTS:	2820321134157
INVOICE:638
INVOICE:639	CLIENTS:	2810421430028	2791222280805
INVOICE:639
INVOICE:640	CLIENTS:	2750307431521
INVOICE:641	CLIENTS:	1831015160065
INVOICE:642	CLIENTS:	2871214100175
INVOICE:643	CLIENTS:	2900729297261
INVOICE:644	CLIENTS:	2660221431514
INVOICE:645	CLIENTS:	1780107214607
INVOICE:646
INVOICE:647
INVOICE:648	CLIENTS:	1751023431544
INVOICE:751	CLIENTS:	1760125044473	1720401044429
INVOICE:650	CLIENTS:	1760125044473	1880821045351
INVOICE:651	CLIENTS:	2851007323966
INVOICE:652
INVOICE:653	CLIENTS:	1810529134121	2810116134176
INVOICE:653
INVOICE:654
INVOICE:656
INVOICE:657	CLIENTS:	2830417410119
INVOICE:659
INVOICE:659
INVOICE:660	CLIENTS:	1680405100017
INVOICE:661	CLIENTS:	2830713044427
INVOICE:662	CLIENTS:	1571025400128
INVOICE:663
INVOICE:664	CLIENTS:	1560626400411
INVOICE:665	CLIENTS:	22118520
INVOICE:665
INVOICE:666	CLIENTS:	2711017030047
INVOICE:667
INVOICE:668
INVOICE:669	CLIENTS:	1580125400110
INVOICE:670	CLIENTS:	2680521293093
INVOICE:671
INVOICE:671	CLIENTS:	2791206430041
INVOICE:671
INVOICE:672	CLIENTS:	1900325460058
INVOICE:673	CLIENTS:	2700719290906
INVOICE:674	CLIENTS:	1820414204488
INVOICE:675	CLIENTS:	2650101400542
INVOICE:676	CLIENTS:	1861115115197
INVOICE:677	CLIENTS:	1801101000000	2781217000000
INVOICE:677
INVOICE:678	CLIENTS:	2850620430041
INVOICE:679
INVOICE:680	CLIENTS:	1870414450049
INVOICE:681
INVOICE:682	CLIENTS:	4204020
INVOICE:683	CLIENTS:	2840321081661
INVOICE:655
INVOICE:685
INVOICE:686	CLIENTS:	2820326170013
INVOICE:687	CLIENTS:	2840213297251
INVOICE:636
INVOICE:689	CLIENTS:	2740304205757
INVOICE:691	CLIENTS:	1830622340017
INVOICE:692	CLIENTS:	2830415450016
INVOICE:695	CLIENTS:	2820614170107
INVOICE:695
INVOICE:696
INVOICE:697	CLIENTS:	2700202463033
INVOICE:600
INVOICE:698	CLIENTS:	1740410070019
INVOICE:699
INVOICE:700	CLIENTS:	1560626400411
INVOICE:701
INVOICE:702	CLIENTS:	980602406621
INVOICE:703
INVOICE:707
INVOICE:707
INVOICE:699
INVOICE:708
INVOICE:708
INVOICE:710	CLIENTS:	2781104354787
INVOICE:710
INVOICE:711	CLIENTS:	2810808250042	2731027290922
INVOICE:711
INVOICE:713	CLIENTS:	2790726431541
INVOICE:713
INVOICE:714
INVOICE:714
INVOICE:715
INVOICE:728
INVOICE:729
INVOICE:732
INVOICE:733
INVOICE:734
INVOICE:735
INVOICE:736
INVOICE:737
INVOICE:738
INVOICE:739
INVOICE:740
INVOICE:741
INVOICE:742
INVOICE:743
INVOICE:744
INVOICE:745
INVOICE:746
INVOICE:747
INVOICE:748
INVOICE:749
INVOICE:750
INVOICE:751
INVOICE:775
INVOICE:776
INVOICE:778
INVOICE:778
INVOICE:778
INVOICE:780
INVOICE:790	CLIENTS:	2850708170025
INVOICE:792	CLIENTS:	2880730035302	2781030463017
INVOICE:793	CLIENTS:	1641025113146
INVOICE:793
INVOICE:794
INVOICE:796	CLIENTS:	1800521410043
INVOICE:796
INVOICE:797
INVOICE:802
INVOICE:802
INVOICE:803
INVOICE:804
INVOICE:804
INVOICE:805	CLIENTS:	2620530400028
INVOICE:805
INVOICE:806
INVOICE:807
INVOICE:809	CLIENTS:	2870120450087
INVOICE:810	CLIENTS:	2830609162024
INVOICE:811	CLIENTS:	2910731420023
INVOICE:812	CLIENTS:	1850114324843
INVOICE:813
INVOICE:814
INVOICE:815	CLIENTS:	2871209290077
INVOICE:816
INVOICE:817	CLIENTS:	2640624060774
INVOICE:818	CLIENTS:	2701221131228
INVOICE:819
INVOICE:820
INVOICE:821
INVOICE:822
INVOICE:823	CLIENTS:	2801109450041
INVOICE:824	CLIENTS:	1841216204969
INVOICE:825	CLIENTS:	2860308045355
INVOICE:826
INVOICE:827
INVOICE:828
INVOICE:829
INVOICE:830
INVOICE:831	CLIENTS:	2820519051171
INVOICE:832
INVOICE:833
INVOICE:834
INVOICE:833
INVOICE:835
INVOICE:836
INVOICE:836
INVOICE:837	CLIENTS:	2811103080151
INVOICE:838
INVOICE:838
INVOICE:839
INVOICE:840	CLIENTS:	2840920170041	2810103134156
INVOICE:842	CLIENTS:	2740225364219
INVOICE:843	CLIENTS:	2840409430041
INVOICE:844	CLIENTS:	1850316244483
INVOICE:845
INVOICE:846	CLIENTS:	2701118463016
INVOICE:847
INVOICE:848
INVOICE:849	CLIENTS:	2780509104965
INVOICE:850	CLIENTS:	2761028221197
INVOICE:851
INVOICE:852
INVOICE:853	CLIENTS:	2860223410022
INVOICE:854
INVOICE:855
INVOICE:857
INVOICE:858
INVOICE:859
INVOICE:860
INVOICE:861	CLIENTS:	2830217440025
INVOICE:862	CLIENTS:	2760308131211
INVOICE:863
INVOICE:864
INVOICE:865
INVOICE:866	CLIENTS:	2880608440028
INVOICE:865
INVOICE:867	CLIENTS:	2861225100140
INVOICE:869
INVOICE:869
INVOICE:826
INVOICE:871
INVOICE:872	CLIENTS:	2640519400124
INVOICE:873
INVOICE:873
INVOICE:874	CLIENTS:	1671107134013
INVOICE:876
INVOICE:877
INVOICE:815
INVOICE:878	CLIENTS:	1831007303955
INVOICE:879	CLIENTS:	2820527410064
INVOICE:880	CLIENTS:	2621127216190
INVOICE:881
INVOICE:882
INVOICE:883	CLIENTS:	1800125124964
INVOICE:884
INVOICE:885
INVOICE:886
INVOICE:887
INVOICE:888
INVOICE:889	CLIENTS:	1860531394444
INVOICE:890
INVOICE:891
INVOICE:893
INVOICE:894
INVOICE:895
INVOICE:895
INVOICE:896
INVOICE:897
INVOICE:898
INVOICE:899
INVOICE:899
INVOICE:900
INVOICE:902
INVOICE:903	CLIENTS:	2890309091781
INVOICE:904
INVOICE:905
INVOICE:906	CLIENTS:	1840301410031
INVOICE:907
INVOICE:908
INVOICE:909	CLIENTS:	2801013382777
INVOICE:910
INVOICE:911
INVOICE:912	CLIENTS:	2770430221176
INVOICE:913	CLIENTS:	2950218420034
INVOICE:914	CLIENTS:	1770925440017
INVOICE:915
INVOICE:917
INVOICE:918
INVOICE:919
INVOICE:920	CLIENTS:	2901007296613
INVOICE:698
INVOICE:922
INVOICE:923
INVOICE:924
INVOICE:923
INVOICE:925
INVOICE:926
INVOICE:927	CLIENTS:	1920207244040
INVOICE:928	CLIENTS:	1841001011211
INVOICE:929
INVOICE:930
INVOICE:931	CLIENTS:	1860425360682
INVOICE:932
INVOICE:933
INVOICE:934
INVOICE:935
INVOICE:936
INVOICE:937
INVOICE:939
INVOICE:938
INVOICE:868
INVOICE:940	CLIENTS:	1500223201011
INVOICE:941
INVOICE:942
INVOICE:943	CLIENTS:	2850719134216
INVOICE:944
INVOICE:945
INVOICE:946
INVOICE:944
INVOICE:948
INVOICE:949
INVOICE:950	CLIENTS:	1770421160027
INVOICE:951
INVOICE:953
INVOICE:952
INVOICE:954
INVOICE:955	CLIENTS:	0
INVOICE:956	CLIENTS:	2740131120767
INVOICE:957	CLIENTS:	2851007323966
INVOICE:922
INVOICE:958
INVOICE:959
INVOICE:955
INVOICE:684
INVOICE:961
INVOICE:962	CLIENTS:	2770305463091
INVOICE:963	CLIENTS:	2850517262515
INVOICE:966	CLIENTS:	0
INVOICE:967
INVOICE:968
INVOICE:969
INVOICE:970
INVOICE:971
INVOICE:972	CLIENTS:	2800527132847
INVOICE:973
INVOICE:974
INVOICE:975
INVOICE:976
INVOICE:977
INVOICE:978
INVOICE:979
INVOICE:980	CLIENTS:	2800725350056
INVOICE:981
INVOICE:982
INVOICE:983
INVOICE:984
INVOICE:841
INVOICE:985
INVOICE:986
INVOICE:650
INVOICE:987
INVOICE:988	CLIENTS:	2600125400359
INVOICE:989
INVOICE:990
INVOICE:991
INVOICE:992
INVOICE:993	CLIENTS:	2680119151848
INVOICE:994
INVOICE:995	CLIENTS:	2820513150434
INVOICE:996
INVOICE:997
INVOICE:972
INVOICE:998
INVOICE:999	CLIENTS:	2890606080031
INVOICE:1000
INVOICE:1002
INVOICE:1003	CLIENTS:	2690904384199	2920819385577
INVOICE:1004	CLIENTS:	2571111400039
INVOICE:1005
INVOICE:1006
INVOICE:1007
INVOICE:1008
INVOICE:1011
INVOICE:1013
INVOICE:1014
INVOICE:1015
INVOICE:1016
INVOICE:1017	CLIENTS:	2861017430050
INVOICE:1018
INVOICE:1019
INVOICE:1020
INVOICE:1026
INVOICE:1027	CLIENTS:	2880225161870
INVOICE:1028	CLIENTS:	2780428104978
INVOICE:1029
INVOICE:1030
INVOICE:1030
INVOICE:1032	CLIENTS:	0
INVOICE:1032
INVOICE:1040
INVOICE:1041	CLIENTS:	1620923010321
INVOICE:1042
INVOICE:1044
INVOICE:1045	CLIENTS:	2730922131262
INVOICE:1047
INVOICE:1047
INVOICE:1050
INVOICE:1052
INVOICE:1053
INVOICE:1054	CLIENTS:	2870328420041
INVOICE:1055	CLIENTS:	2820902374511
INVOICE:1056
INVOICE:1056
INVOICE:1051
INVOICE:1057
INVOICE:1059	CLIENTS:	2750221463067
INVOICE:963
INVOICE:1061
INVOICE:1062
INVOICE:1063
INVOICE:1066
INVOICE:1069	CLIENTS:	2580514400831
INVOICE:1070
INVOICE:1071
INVOICE:1072
INVOICE:1073	CLIENTS:	2810307014681	2690728120716
INVOICE:1074
INVOICE:1076
INVOICE:1076
INVOICE:1077	CLIENTS:	2800817047780
INVOICE:1079
INVOICE:1080	CLIENTS:	2880817297271
INVOICE:1081
INVOICE:1082	CLIENTS:	2900122125851
INVOICE:1083	CLIENTS:	1800820124958
INVOICE:1085	CLIENTS:	1820805125772
INVOICE:1086
INVOICE:1089	CLIENTS:	2730330424529
INVOICE:1091	CLIENTS:	2711031470049
INVOICE:1090
INVOICE:1092	CLIENTS:	1880305350101
INVOICE:1093
INVOICE:1094	CLIENTS:	2850105471338
INVOICE:1095	CLIENTS:	2690222090021
INVOICE:1098
INVOICE:1099
INVOICE:1099
INVOICE:1099
INVOICE:1099
INVOICE:1099
INVOICE:1100
INVOICE:1101
INVOICE:1103
INVOICE:1104
INVOICE:1104
INVOICE:1105	CLIENTS:	2750703443057	2850712360034
INVOICE:1106
INVOICE:1107
INVOICE:1108	CLIENTS:	2850124340450
INVOICE:1109
INVOICE:1110	CLIENTS:	2811204082207	2710516161031
INVOICE:1111
INVOICE:1112	CLIENTS:	2650404400138
INVOICE:1113	CLIENTS:	2810609460060
INVOICE:1114	CLIENTS:	2860207131818
INVOICE:1114	CLIENTS:	2860207131818
INVOICE:1115
INVOICE:1116	CLIENTS:	2851109430056
INVOICE:1117	CLIENTS:	1780717221155
INVOICE:1118
INVOICE:1119
INVOICE:1120
INVOICE:1121
INVOICE:1121
INVOICE:1122
INVOICE:1123	CLIENTS:	2631007290909
INVOICE:1124	CLIENTS:	2640924400868
INVOICE:1125	CLIENTS:	1870605297310
INVOICE:1126
INVOICE:1127
INVOICE:1128	CLIENTS:	2881120295894
INVOICE:1129	CLIENTS:	1661114410014
INVOICE:1130
INVOICE:1132
INVOICE:1133	CLIENTS:	2861101250041
INVOICE:1134	CLIENTS:	1690516434538
INVOICE:1135
INVOICE:1136
INVOICE:1138	CLIENTS:	2851116374522
INVOICE:1141
INVOICE:1142	CLIENTS:	1760227440019
INVOICE:1145
INVOICE:1146	CLIENTS:	1890212204976
INVOICE:1147
INVOICE:1148	CLIENTS:	2800825191491
INVOICE:1149
INVOICE:1150
INVOICE:1151
INVOICE:1152
INVOICE:1152
INVOICE:1154	CLIENTS:	2800527132847
INVOICE:1155
INVOICE:1157
INVOICE:1157
INVOICE:1158
INVOICE:1160
INVOICE:1160
INVOICE:1161
INVOICE:1162
INVOICE:1162
INVOICE:1163
INVOICE:1164	CLIENTS:	2750417451541
INVOICE:1167
INVOICE:1169
INVOICE:1171	CLIENTS:	2801030350071
INVOICE:1170
INVOICE:1172
INVOICE:1173	CLIENTS:	2780428104978
INVOICE:1181
INVOICE:1182	CLIENTS:	2790326111123
INVOICE:1184	CLIENTS:	2790326111123
INVOICE:1185	CLIENTS:	2790326111123
INVOICE:1187
INVOICE:1188
INVOICE:1189
INVOICE:1189
INVOICE:1190
INVOICE:1191
INVOICE:1193
INVOICE:1195	CLIENTS:	2750705151810
INVOICE:1197
INVOICE:1122
INVOICE:1198	CLIENTS:	2750909182775
INVOICE:1199	CLIENTS:	2670109151801
INVOICE:1200	CLIENTS:	1780410423019	2820907295592
INVOICE:1203
INVOICE:1204	CLIENTS:	2681127240027
INVOICE:1207
INVOICE:1209
INVOICE:1210
INVOICE:1210
INVOICE:1212	CLIENTS:	2801219226716
INVOICE:1213	CLIENTS:	2670903090129
INVOICE:1214	CLIENTS:	1730427170335
INVOICE:1215	CLIENTS:	2890309091781
INVOICE:1216	CLIENTS:	2600613400110
INVOICE:1200
INVOICE:1217	CLIENTS:	1721031381461	2750921441515	1771105440034
INVOICE:1218	CLIENTS:	1801229450011
INVOICE:1220	CLIENTS:	2760304133677	2840118160015
INVOICE:1221
INVOICE:1195
INVOICE:1222	CLIENTS:	2850411450062
INVOICE:1223
INVOICE:1223
INVOICE:1224	CLIENTS:	2871020450092
INVOICE:1225
INVOICE:1228	CLIENTS:	2811201410077
INVOICE:1202
INVOICE:1201
INVOICE:1230	CLIENTS:	2881226410060
INVOICE:1140
INVOICE:1231	CLIENTS:	2731124030036
INVOICE:1232
INVOICE:1233
INVOICE:1234
INVOICE:1235	CLIENTS:	2881126420048
INVOICE:1236
INVOICE:1238
INVOICE:1242
INVOICE:1243	CLIENTS:	2860207270051
INVOICE:1246	CLIENTS:	2850212010378
INVOICE:1247	CLIENTS:	1800430152471
INVOICE:1248
INVOICE:1249	CLIENTS:	2870526243829
INVOICE:1250
INVOICE:1251
INVOICE:1252
INVOICE:1254	CLIENTS:	2830722035328
INVOICE:1253
INVOICE:1255
INVOICE:1256
INVOICE:1258	CLIENTS:	1800412134176
INVOICE:1259
INVOICE:1260
INVOICE:1260	CLIENTS:	980602406621
INVOICE:1261
INVOICE:1262	CLIENTS:	2860826105039
INVOICE:1263
INVOICE:1264
INVOICE:1265	CLIENTS:	2720917261461
INVOICE:1266	CLIENTS:	2770728312965
INVOICE:1268
INVOICE:1269
INVOICE:1270	CLIENTS:	2631130400129
INVOICE:1271
INVOICE:1272
INVOICE:1267
INVOICE:1273	CLIENTS:	2830806297299
INVOICE:1274
INVOICE:1275
INVOICE:1277	CLIENTS:	0
INVOICE:1278	CLIENTS:	1561025290900
INVOICE:1279	CLIENTS:	2780619090011
INVOICE:1280	CLIENTS:	1810321250028
INVOICE:1281
INVOICE:1282
INVOICE:1283
INVOICE:1284	CLIENTS:	2860216170084
INVOICE:1285
INVOICE:1286	CLIENTS:	2760722151846
INVOICE:1287
INVOICE:1288
INVOICE:1289
INVOICE:1290	CLIENTS:	1750622033089
INVOICE:1291	CLIENTS:	2770219170367
INVOICE:1291	CLIENTS:	2770219170367
INVOICE:1292	CLIENTS:	1730327284402	1771221080055
INVOICE:1293	CLIENTS:	1721031381461	2750921441515	1771105440034	1800616460033
INVOICE:1297
INVOICE:1299
INVOICE:1301
INVOICE:1302
INVOICE:1306
INVOICE:1308
INVOICE:1310
INVOICE:1312
INVOICE:1294
INVOICE:1320
INVOICE:1322
INVOICE:1324
INVOICE:1324
INVOICE:1327
INVOICE:1328
INVOICE:1330
INVOICE:1336
INVOICE:1334
INVOICE:1340
INVOICE:1344
INVOICE:1345
INVOICE:1346
INVOICE:1347
INVOICE:1358
INVOICE:1360
INVOICE:1362
INVOICE:1364
INVOICE:1366
INVOICE:1368
INVOICE:1370
INVOICE:1371
INVOICE:1374
INVOICE:1376
INVOICE:1378
INVOICE:1380
INVOICE:1382
INVOICE:1382
INVOICE:1336
INVOICE:1384
INVOICE:1386
INVOICE:1388
INVOICE:1388
INVOICE:1389
INVOICE:1391
INVOICE:1395
INVOICE:1399
INVOICE:1402
INVOICE:1404
INVOICE:1406
INVOICE:1324
INVOICE:1412
INVOICE:1413
INVOICE:1411
INVOICE:1417	CLIENTS:	2861014520041	2801117430012	2690319293154
INVOICE:1422	CLIENTS:	2780322216199
INVOICE:1423	CLIENTS:	1770322185986
INVOICE:1427	CLIENTS:	2770821464526
INVOICE:1431	CLIENTS:	2780927463098
INVOICE:1437	CLIENTS:	2780223463032
INVOICE:1439
INVOICE:1440
INVOICE:1440
INVOICE:1441
INVOICE:1442	CLIENTS:	403986752517
INVOICE:1445
INVOICE:1446
INVOICE:1448	CLIENTS:	1860220020072
INVOICE:1450	CLIENTS:	1890414125794
INVOICE:1452	CLIENTS:	2760124384248
INVOICE:1457
INVOICE:1456
INVOICE:1461	CLIENTS:	2701225260039
INVOICE:1463	CLIENTS:	2790218461510
INVOICE:1466	CLIENTS:	2701206044376
INVOICE:1468
INVOICE:1469	CLIENTS:	1870414450049	2870727460077
INVOICE:1471	CLIENTS:	1600101214651
INVOICE:1474	CLIENTS:	2880130336373
INVOICE:1476	CLIENTS:	2690331151834	1690214151811
INVOICE:1478	CLIENTS:	2820421394428
INVOICE:1480
INVOICE:1482	CLIENTS:	1881211090019
INVOICE:1484	CLIENTS:	1810905324783
INVOICE:1485	CLIENTS:	2850529294722
INVOICE:1487	CLIENTS:	2861127420028
INVOICE:1490	CLIENTS:	2660810034971
INVOICE:1491	CLIENTS:	2870211303947
INVOICE:1494	CLIENTS:	1731103293100	2810317297284
INVOICE:1495
INVOICE:1497	CLIENTS:	2840401297264
INVOICE:1499	CLIENTS:	2750128443033
INVOICE:1501	CLIENTS:	2851106152511
INVOICE:1503	CLIENTS:	2810321280857	1890107430034
INVOICE:1509	CLIENTS:	2850509360030
INVOICE:1511	CLIENTS:	2891014211207
INVOICE:1506
INVOICE:1514	CLIENTS:	2790813433043
INVOICE:1516	CLIENTS:	1660509163233
INVOICE:1517	CLIENTS:	2870516303925
INVOICE:1520	CLIENTS:	2810118284578
INVOICE:1521
INVOICE:1522	CLIENTS:	2861012035269
INVOICE:1524	CLIENTS:	2780618472014
INVOICE:1526	CLIENTS:	1860527450013
INVOICE:1529
INVOICE:1531	CLIENTS:	1841018450033
INVOICE:1532
INVOICE:1534	CLIENTS:	2811219394421	1810829394432
INVOICE:1538	CLIENTS:	2770309287124
INVOICE:1539	CLIENTS:	1831030440029
INVOICE:1543	CLIENTS:	2851018460081
INVOICE:1545	CLIENTS:	2750717293106
INVOICE:1547	CLIENTS:	2870616304023
INVOICE:1549
INVOICE:1554	CLIENTS:	2751117411532
INVOICE:1557	CLIENTS:	2680726214602
INVOICE:1558	CLIENTS:	2901011125801
INVOICE:1563	CLIENTS:	2830501090049
INVOICE:1565	CLIENTS:	2720927520013	2710503520027
INVOICE:1568
INVOICE:1570	CLIENTS:	2670728520056	2650920520012
INVOICE:1571	CLIENTS:	2790328020043
INVOICE:1574	CLIENTS:	1791126293109
INVOICE:1576	CLIENTS:	1700906050010
INVOICE:1577
INVOICE:1579
INVOICE:1577
INVOICE:1584	CLIENTS:	2881206341392
INVOICE:1586	CLIENTS:	1870905420093
INVOICE:1587	CLIENTS:	2870304240010
INVOICE:1589	CLIENTS:	2840827430074
INVOICE:1592
INVOICE:1594	CLIENTS:	2750426150758	1681030293177
INVOICE:1597
INVOICE:1607	CLIENTS:	181011344002
INVOICE:1610	CLIENTS:	1611120400096
INVOICE:1613	CLIENTS:	1850212134137	2900211134166
INVOICE:1615	CLIENTS:	1590619400147
INVOICE:1616	CLIENTS:	1750131431520	2750119104961
INVOICE:1620
INVOICE:1622
INVOICE:1624
INVOICE:1626
INVOICE:1628	CLIENTS:	2890313226817
INVOICE:1638	CLIENTS:	2851102420148
INVOICE:1640	CLIENTS:	2800329360017	1780303364241
INVOICE:1643
INVOICE:1644
INVOICE:1647	CLIENTS:	2810212410058
INVOICE:1648
INVOICE:1649
INVOICE:1650	CLIENTS:	2780714520021
INVOICE:1652
INVOICE:1653
INVOICE:1655
INVOICE:1656	CLIENTS:	2871001314020
INVOICE:1658	CLIENTS:	1770429280810
INVOICE:1660	CLIENTS:	1800912060051
INVOICE:1667	CLIENTS:	2630621090040
INVOICE:1668	CLIENTS:	1610403182796
INVOICE:1670
