10
42
63
67
69
70
88
93
94
95
97
106
109
119
119
121
127
127
130
131
133
168
173
174
175
177
189
191
193
199
199
200
201
206
207
213
214
215
219
221
224
225
227
229
234
234
236
237
254
255
257
260
267
268
272
274
283
284
288
289
290
291
291
291
296
297
298
299
300
301
302
309
313
315
316
316
317
319
325
326
333
333
337
342
343
349
351
352
353
361
365
379
380
381
384
385
388
389
390
393
393
396
397
401
401
402
404
405
411
412
413
417
418
424
425
436
440
445
448
451
453
454
455
456
458
459
464
464
468
471
472
474
482
484
492
494
496
499
502
507
512
514
515
522
527
534
535
546
552
552
554
555
565
567
568
568
569
570
572
573
574
574
576
581
583
584
586
589
594
595
597
598
601
603
603
607
608
610
612
614
615
619
620
621
621
628
629
632
633
634
635
638
639
646
647
652
653
654
656
659
659
663
665
667
668
671
671
677
679
681
655
685
636
695
696
600
699
701
703
707
707
699
708
708
710
711
713
714
714
715
728
729
732
733
734
735
736
737
738
739
740
741
742
743
744
745
746
747
748
749
750
751
775
776
778
778
778
780
793
794
796
797
802
802
803
804
804
805
806
807
813
814
816
819
820
821
822
826
827
828
829
830
832
833
834
833
835
836
836
838
838
839
845
847
848
851
852
854
855
857
858
859
860
863
864
865
865
869
869
826
871
873
873
876
877
815
881
882
884
885
886
887
888
890
891
893
894
895
895
896
897
898
899
899
900
902
904
905
907
908
910
911
915
917
918
919
698
922
923
924
923
925
926
929
930
932
933
934
935
936
937
939
938
868
941
942
944
945
946
944
948
949
951
953
952
954
922
958
959
955
684
961
967
968
969
970
971
973
974
975
976
977
978
979
981
982
983
984
841
985
986
650
987
989
990
991
992
994
996
997
972
998
1000
1002
1005
1006
1007
1008
1011
1013
1014
1015
1016
1018
1019
1020
1026
1029
1030
1030
1032
1040
1042
1044
1047
1047
1050
1052
1053
1056
1056
1051
1057
963
1061
1062
1063
1066
1070
1071
1072
1074
1076
1076
1079
1081
1086
1090
1093
1098
1099
1099
1099
1099
1099
1100
1101
1103
1104
1104
1106
1107
1109
1111
1115
1118
1119
1120
1121
1121
1122
1126
1127
1130
1132
1135
1136
1141
1145
1147
1149
1150
1151
1152
1152
1155
1157
1157
1158
1160
1160
1161
1162
1162
1163
1167
1169
1170
1172
1181
1187
1188
1189
1189
1190
1191
1193
1197
1122
1203
1207
1209
1210
1210
1200
1221
1195
1223
1223
1225
1202
1201
1140
1232
1233
1234
1236
1238
1242
1248
1250
1251
1252
1253
1255
1256
1259
1260
1261
1263
1264
1268
1269
1271
1272
1267
1274
1275
1281
1282
1283
1285
1287
1288
1289
1297
1299
1301
1302
1306
1308
1310
1312
1294
1320
1322
1324
1324
1327
1328
1330
1336
1334
1340
1344
1345
1346
1347
1358
1360
1362
1364
1366
1368
1370
1371
1374
1376
1378
1380
1382
1382
1336
1384
1386
1388
1388
1389
1391
1395
1399
1402
1404
1406
1324
1412
1413
1411
1439
1440
1440
1441
1445
1446
1457
1456
1468
1480
1495
1506
1521
1529
1532
1549
1568
1577
1579
1577
1592
1597
1620
1622
1624
1626
1643
1644
1648
1649
1652
1653
1655
1670
